c:\users\darre\source\repos\dsaassignment\dsaassignment\debug\dsaassignment.pch
c:\users\darre\source\repos\dsaassignment\dsaassignment\debug\vc141.pdb
c:\users\darre\source\repos\dsaassignment\dsaassignment\debug\vc141.idb
c:\users\darre\source\repos\dsaassignment\dsaassignment\debug\stdafx.obj
c:\users\darre\source\repos\dsaassignment\dsaassignment\debug\dsaassignment.obj
c:\users\darre\source\repos\dsaassignment\dsaassignment\debug\binarynode.obj
c:\users\darre\source\repos\dsaassignment\dsaassignment\debug\bst.obj
c:\users\darre\source\repos\dsaassignment\dsaassignment\debug\queue.obj
c:\github\dsaassignment\dsaassignment\dsaassignment\debug\dsaassignment.pch
c:\github\dsaassignment\dsaassignment\dsaassignment\debug\vc141.pdb
c:\github\dsaassignment\dsaassignment\dsaassignment\debug\vc141.idb
c:\github\dsaassignment\dsaassignment\dsaassignment\debug\stdafx.obj
c:\github\dsaassignment\dsaassignment\dsaassignment\debug\binarynode.obj
c:\github\dsaassignment\dsaassignment\dsaassignment\debug\bst.obj
c:\github\dsaassignment\dsaassignment\dsaassignment\debug\dsaassignment.obj
c:\github\dsaassignment\dsaassignment\dsaassignment\debug\queue.obj
c:\users\darre\source\repos\dsaassignment\debug\dsaassignment.exe
c:\users\darre\source\repos\dsaassignment\debug\dsaassignment.ilk
c:\users\darre\source\repos\dsaassignment\debug\dsaassignment.pdb
c:\github\dsaassignment\dsaassignment\debug\dsaassignment.ilk
c:\github\dsaassignment\dsaassignment\debug\dsaassignment.exe
c:\github\dsaassignment\dsaassignment\debug\dsaassignment.pdb
c:\github\dsaassignment\dsaassignment\dsaassignment\debug\dsaassignment.tlog\cl.command.1.tlog
c:\github\dsaassignment\dsaassignment\dsaassignment\debug\dsaassignment.tlog\cl.read.1.tlog
c:\github\dsaassignment\dsaassignment\dsaassignment\debug\dsaassignment.tlog\cl.write.1.tlog
c:\github\dsaassignment\dsaassignment\dsaassignment\debug\dsaassignment.tlog\link.command.1.tlog
c:\github\dsaassignment\dsaassignment\dsaassignment\debug\dsaassignment.tlog\link.read.1.tlog
c:\github\dsaassignment\dsaassignment\dsaassignment\debug\dsaassignment.tlog\link.write.1.tlog
